<?xml version="1.0" encoding="UTF-8"?>
<testsuite name="com.demoqa.tests.RegistrationRemoteTests" tests="1" skipped="0" failures="0" errors="0" timestamp="2023-09-28T16:44:00" hostname="DESKTOP-UR7FP0F" time="17.575">
  <properties/>
  <testcase name="Successful registration" classname="com.demoqa.tests.RegistrationRemoteTests" time="17.575"/>
  <system-out><![CDATA[]]></system-out>
  <system-err><![CDATA[[Test worker] INFO com.codeborne.selenide.impl.WebDriverThreadLocalContainer - No webdriver is bound to current thread: 1 - let's create a new webdriver
[Test worker] INFO com.codeborne.selenide.webdriver.WebDriverFactory - BrowserName=chrome Version=100.0.4896.60 Platform=linux
[Test worker] INFO com.codeborne.selenide.webdriver.WebDriverFactory - Selenide v. 6.14.0
[Test worker] INFO com.codeborne.selenide.webdriver.WebDriverFactory - Selenium WebDriver v. 4.9.1 build revision: eb2032df7f
[Test worker] INFO com.codeborne.selenide.drivercommands.CreateDriverCommand - Created webdriver in thread 1: RemoteWebDriver -> RemoteWebDriver: chrome on linux (f540a6afc7393a93e4e0e65983801924)
[Test worker] INFO com.codeborne.selenide.drivercommands.DisposablesRegistry - Register WebDriverInstance[config=StaticConfig,webDriver=RemoteWebDriver: chrome on linux (f540a6afc7393a93e4e0e65983801924),proxy=null,downloadsFolder=null] in 1 [size=1]
[Test worker] INFO com.codeborne.selenide.drivercommands.DisposablesRegistry - Add shutdown hook in 1 [size=1]
[Test worker] INFO com.codeborne.selenide.drivercommands.CloseDriverCommand - Close webdriver: 1 -> RemoteWebDriver: chrome on linux (f540a6afc7393a93e4e0e65983801924)...
[Test worker] INFO com.codeborne.selenide.drivercommands.CloseDriverCommand - Closed webdriver 1 in 204 ms
[Test worker] INFO com.codeborne.selenide.drivercommands.DisposablesRegistry - Unregister WebDriverInstance[config=StaticConfig,webDriver=RemoteWebDriver: chrome on linux (null),proxy=null,downloadsFolder=null] in 1 [size=0]
]]></system-err>
</testsuite>
