<?xml version="1.0" encoding="UTF-8"?>
<testsuite name="guru.qa.simple.PositiveTests" tests="10" skipped="0" failures="0" errors="0" timestamp="2023-09-28T14:43:58" hostname="DESKTOP-UR7FP0F" time="0.156">
  <properties/>
  <testcase name="someTest1()" classname="guru.qa.simple.PositiveTests" time="0.113"/>
  <testcase name="someTest2()" classname="guru.qa.simple.PositiveTests" time="0.004"/>
  <testcase name="someTest3()" classname="guru.qa.simple.PositiveTests" time="0.003"/>
  <testcase name="someTest4()" classname="guru.qa.simple.PositiveTests" time="0.002"/>
  <testcase name="someTest5()" classname="guru.qa.simple.PositiveTests" time="0.003"/>
  <testcase name="someTest6()" classname="guru.qa.simple.PositiveTests" time="0.003"/>
  <testcase name="someTest7()" classname="guru.qa.simple.PositiveTests" time="0.003"/>
  <testcase name="someTest8()" classname="guru.qa.simple.PositiveTests" time="0.002"/>
  <testcase name="someTest9()" classname="guru.qa.simple.PositiveTests" time="0.003"/>
  <testcase name="someTest()" classname="guru.qa.simple.PositiveTests" time="0.002"/>
  <system-out><![CDATA[]]></system-out>
  <system-err><![CDATA[]]></system-err>
</testsuite>
